2025/05/01 12:42:51 [DEBUG] a1mkmLUFtmHvomVGoruWQvbhBLAxOW - RESTOperationService->createRequestSOAPMessage: Sending 
<REQUEST>
	<Ds_MerchantParameters>eyJEU19NRVJDSEFOVF9NRVJDSEFOVENPREUiOiI5OTkwMDg4ODEiLCJEU19NRVJDSEFOVF9URVJNSU5BTCI6IjEiLCJEU19NRVJDSEFOVF9PUkRFUiI6IjY4MTM1MDJiOTFhZDMiLCJEU19NRVJDSEFOVF9UUkFOU0FDVElPTlRZUEUiOiJBVVRIT1JJWkFUSU9OIiwiRFNfTUVSQ0hBTlRfQ1VSUkVOQ1kiOiI5NzgiLCJEU19NRVJDSEFOVF9BTU9VTlQiOiIxODAwIn0=</Ds_MerchantParameters>
	<DATOSENTRADA>
		<DS_MERCHANT_MERCHANTCODE>999008881</DS_MERCHANT_MERCHANTCODE>
		<DS_MERCHANT_TERMINAL>1</DS_MERCHANT_TERMINAL>
		<DS_MERCHANT_ORDER>6813502b91ad3</DS_MERCHANT_ORDER>
		<DS_MERCHANT_TRANSACTIONTYPE>AUTHORIZATION</DS_MERCHANT_TRANSACTIONTYPE>
		<DS_MERCHANT_CURRENCY>978</DS_MERCHANT_CURRENCY>
		<DS_MERCHANT_AMOUNT>1800</DS_MERCHANT_AMOUNT>
	</DATOSENTRADA>
	<DS_SIGNATUREVERSION>HMAC_SHA256_V1</DS_SIGNATUREVERSION>
	<DS_SIGNATURE>XVov06r+jf58kCJrku4V5XswHSuwpfVJ/WejJr5lxI4=</DS_SIGNATURE>
</REQUEST>
2025/05/01 12:42:51 [INFO ] a1mkmLUFtmHvomVGoruWQvbhBLAxOW - RESTOperationService->sendOperation: Performing request to 'https://sis-t.redsys.es:25443/sis/rest/trataPeticionREST'
2025/05/01 12:42:51 [DEBUG] a1mkmLUFtmHvomVGoruWQvbhBLAxOW - RESTOperationService->sendOperation: Sending JSON Ds_MerchantParameters=eyJEU19NRVJDSEFOVF9NRVJDSEFOVENPREUiOiI5OTkwMDg4ODEiLCJEU19NRVJDSEFOVF9URVJNSU5BTCI6IjEiLCJEU19NRVJDSEFOVF9PUkRFUiI6IjY4MTM1MDJiOTFhZDMiLCJEU19NRVJDSEFOVF9UUkFOU0FDVElPTlRZUEUiOiJBVVRIT1JJWkFUSU9OIiwiRFNfTUVSQ0hBTlRfQ1VSUkVOQ1kiOiI5NzgiLCJEU19NRVJDSEFOVF9BTU9VTlQiOiIxODAwIn0%3D&Ds_SignatureVersion=HMAC_SHA256_V1&Ds_Signature=XVov06r%2Bjf58kCJrku4V5XswHSuwpfVJ%2FWejJr5lxI4%3D
2025/05/01 12:42:51 [ERROR] a1mkmLUFtmHvomVGoruWQvbhBLAxOW - RESTOperationService->createResponseMessage: Received JSON '{"errorCode":"SIS0022","errorCodeDescription":"Error de formato en Ds_Merchant_TransactionType"}'
2025/05/01 12:54:16 [DEBUG] a1mkmLUFtmHvomVGoruWQvbhBLAxOW - RESTOperationService->createRequestSOAPMessage: Sending 
<REQUEST>
	<Ds_MerchantParameters>eyJEU19NRVJDSEFOVF9NRVJDSEFOVENPREUiOiI5OTkwMDg4ODEiLCJEU19NRVJDSEFOVF9URVJNSU5BTCI6IjEiLCJEU19NRVJDSEFOVF9PUkRFUiI6Ik9SRF82ODEzNTJkODExZGExIiwiRFNfTUVSQ0hBTlRfVFJBTlNBQ1RJT05UWVBFIjoiMCIsIkRTX01FUkNIQU5UX0NVUlJFTkNZIjoiOTc4IiwiRFNfTUVSQ0hBTlRfQU1PVU5UIjoxODAwMDB9</Ds_MerchantParameters>
	<DATOSENTRADA>
		<DS_MERCHANT_MERCHANTCODE>999008881</DS_MERCHANT_MERCHANTCODE>
		<DS_MERCHANT_TERMINAL>1</DS_MERCHANT_TERMINAL>
		<DS_MERCHANT_ORDER>ORD_681352d811da1</DS_MERCHANT_ORDER>
		<DS_MERCHANT_TRANSACTIONTYPE>0</DS_MERCHANT_TRANSACTIONTYPE>
		<DS_MERCHANT_CURRENCY>978</DS_MERCHANT_CURRENCY>
		<DS_MERCHANT_AMOUNT>180000</DS_MERCHANT_AMOUNT>
	</DATOSENTRADA>
	<DS_SIGNATUREVERSION>HMAC_SHA256_V1</DS_SIGNATUREVERSION>
	<DS_SIGNATURE>EyipiRlDq9X675GedpF+o/QvxNL1Dp/Ea3Cpp3gi38k=</DS_SIGNATURE>
</REQUEST>
2025/05/01 12:54:16 [INFO ] a1mkmLUFtmHvomVGoruWQvbhBLAxOW - RESTOperationService->sendOperation: Performing request to 'https://sis-t.redsys.es:25443/sis/rest/trataPeticionREST'
2025/05/01 12:54:16 [DEBUG] a1mkmLUFtmHvomVGoruWQvbhBLAxOW - RESTOperationService->sendOperation: Sending JSON Ds_MerchantParameters=eyJEU19NRVJDSEFOVF9NRVJDSEFOVENPREUiOiI5OTkwMDg4ODEiLCJEU19NRVJDSEFOVF9URVJNSU5BTCI6IjEiLCJEU19NRVJDSEFOVF9PUkRFUiI6Ik9SRF82ODEzNTJkODExZGExIiwiRFNfTUVSQ0hBTlRfVFJBTlNBQ1RJT05UWVBFIjoiMCIsIkRTX01FUkNIQU5UX0NVUlJFTkNZIjoiOTc4IiwiRFNfTUVSQ0hBTlRfQU1PVU5UIjoxODAwMDB9&Ds_SignatureVersion=HMAC_SHA256_V1&Ds_Signature=EyipiRlDq9X675GedpF%2Bo%2FQvxNL1Dp%2FEa3Cpp3gi38k%3D
2025/05/01 12:54:16 [ERROR] a1mkmLUFtmHvomVGoruWQvbhBLAxOW - RESTOperationService->createResponseMessage: Received JSON '{"errorCode":"SIS0218","errorCodeDescription":"El comercio está configurado como seguro y la operación es No segura"}'
2025/05/01 13:13:54 [DEBUG] a1mkmLUFtmHvomVGoruWQvbhBLAxOW - RESTInitialRequestService->createRequestSOAPMessage: Sending 
<REQUEST>
	<Ds_MerchantParameters>eyJEU19NRVJDSEFOVF9NRVJDSEFOVENPREUiOiI5OTkwMDg4ODEiLCJEU19NRVJDSEFOVF9URVJNSU5BTCI6IjIwIiwiRFNfTUVSQ0hBTlRfT1JERVIiOiJRR0dFTTc0T0kyNUgiLCJEU19NRVJDSEFOVF9UUkFOU0FDVElPTlRZUEUiOiIwIiwiRFNfTUVSQ0hBTlRfQ1VSUkVOQ1kiOiI5NzgiLCJEU19NRVJDSEFOVF9BTU9VTlQiOiIxMjMiLCJEU19NRVJDSEFOVF9FTVYzRFMiOiJ7XCJ0aHJlZURTSW5mb1wiOlwiQ2FyZERhdGFcIn0iLCJEU19NRVJDSEFOVF9QQU4iOiI0NTQ4ODEwMDAwMDAwMDAzIiwiRFNfTUVSQ0hBTlRfRVhQSVJZREFURSI6IjQ5MTIiLCJEU19NRVJDSEFOVF9DVlYyIjoiMTIzIiwiRFNfU0lHTkFUVVJFVkVSU0lPTiI6IkhNQUNfU0hBMjU2X1YxIiwiRFNfTUVSQ0hBTlRfUFJPRFVDVERFU0NSSVBUSU9OIjoiUHJ1ZWJhIGRlIHBhZ28gSW5TaXRlIGNvbiAzRFNlY3VyZSJ9</Ds_MerchantParameters>
	<REQUEST>
		<DS_MERCHANT_MERCHANTCODE>999008881</DS_MERCHANT_MERCHANTCODE>
		<DS_MERCHANT_TERMINAL>20</DS_MERCHANT_TERMINAL>
		<DS_MERCHANT_ORDER>QGGEM74OI25H</DS_MERCHANT_ORDER>
		<DS_MERCHANT_TRANSACTIONTYPE>0</DS_MERCHANT_TRANSACTIONTYPE>
		<DS_MERCHANT_CURRENCY>978</DS_MERCHANT_CURRENCY>
		<DS_MERCHANT_AMOUNT>123</DS_MERCHANT_AMOUNT>
		<DS_MERCHANT_EMV3DS>{"threeDSInfo":"CardData"}</DS_MERCHANT_EMV3DS>
		<DS_MERCHANT_PAN>4548810000000003</DS_MERCHANT_PAN>
		<DS_MERCHANT_EXPIRYDATE>4912</DS_MERCHANT_EXPIRYDATE>
		<DS_MERCHANT_CVV2>123</DS_MERCHANT_CVV2>
		<DS_SIGNATUREVERSION>HMAC_SHA256_V1</DS_SIGNATUREVERSION>
		<DS_MERCHANT_PRODUCTDESCRIPTION>Prueba de pago InSite con 3DSecure</DS_MERCHANT_PRODUCTDESCRIPTION>
	</REQUEST>
	<DS_SIGNATUREVERSION>HMAC_SHA256_V1</DS_SIGNATUREVERSION>
	<DS_SIGNATURE>nIJPgm6KIjtNVRE6wbo4TI8wnzE6Y45VdADdgwkjJoU=</DS_SIGNATURE>
</REQUEST>
2025/05/01 13:13:54 [INFO ] a1mkmLUFtmHvomVGoruWQvbhBLAxOW - RESTInitialRequestService->sendOperation: Performing request to 'https://sis-t.redsys.es:25443/sis/rest/iniciaPeticionREST'
2025/05/01 13:13:54 [DEBUG] a1mkmLUFtmHvomVGoruWQvbhBLAxOW - RESTInitialRequestService->sendOperation: Sending JSON Ds_MerchantParameters=eyJEU19NRVJDSEFOVF9NRVJDSEFOVENPREUiOiI5OTkwMDg4ODEiLCJEU19NRVJDSEFOVF9URVJNSU5BTCI6IjIwIiwiRFNfTUVSQ0hBTlRfT1JERVIiOiJRR0dFTTc0T0kyNUgiLCJEU19NRVJDSEFOVF9UUkFOU0FDVElPTlRZUEUiOiIwIiwiRFNfTUVSQ0hBTlRfQ1VSUkVOQ1kiOiI5NzgiLCJEU19NRVJDSEFOVF9BTU9VTlQiOiIxMjMiLCJEU19NRVJDSEFOVF9FTVYzRFMiOiJ7XCJ0aHJlZURTSW5mb1wiOlwiQ2FyZERhdGFcIn0iLCJEU19NRVJDSEFOVF9QQU4iOiI0NTQ4ODEwMDAwMDAwMDAzIiwiRFNfTUVSQ0hBTlRfRVhQSVJZREFURSI6IjQ5MTIiLCJEU19NRVJDSEFOVF9DVlYyIjoiMTIzIiwiRFNfU0lHTkFUVVJFVkVSU0lPTiI6IkhNQUNfU0hBMjU2X1YxIiwiRFNfTUVSQ0hBTlRfUFJPRFVDVERFU0NSSVBUSU9OIjoiUHJ1ZWJhIGRlIHBhZ28gSW5TaXRlIGNvbiAzRFNlY3VyZSJ9&Ds_SignatureVersion=HMAC_SHA256_V1&Ds_Signature=nIJPgm6KIjtNVRE6wbo4TI8wnzE6Y45VdADdgwkjJoU%3D
2025/05/01 13:13:55 [DEBUG] a1mkmLUFtmHvomVGoruWQvbhBLAxOW - RESTInitialRequestService->checkSignature: Signature matches
2025/05/01 13:13:55 [INFO ] a1mkmLUFtmHvomVGoruWQvbhBLAxOW - RESTInitialRequestService->createResponseMessage: Operation needs authentication
2025/05/01 13:13:55 [DEBUG] a1mkmLUFtmHvomVGoruWQvbhBLAxOW - RESTInitialRequestService->createResponseMessage: Received 
<RETORNOXML>
	<RESULT>AUT</RESULT>
	<OPERACION>
		<Ds_Order>QGGEM74OI25H</Ds_Order>
		<Ds_Signature>r7OwVkTVVD5eepdUe9Q4T4pWXe0ojZwml_6eM97gYtA=</Ds_Signature>
		<Ds_MerchantCode>999008881</Ds_MerchantCode>
		<Ds_Terminal>20</Ds_Terminal>
		<Ds_TransactionType>0</Ds_TransactionType>
		<Ds_Card_PSD2>Y</Ds_Card_PSD2>
		<Ds_EMV3DS>{"protocolVersion":"2.2.0","threeDSServerTransID":"8cc9d8f9-f86f-4c83-bc2c-918f25d1ac02","threeDSInfo":"CardConfiguration"}</Ds_EMV3DS>
	</OPERACION>
</RETORNOXML>
2025/05/01 13:13:55 [DEBUG] a1mkmLUFtmHvomVGoruWQvbhBLAxOW - RESTOperationService->createRequestSOAPMessage: Sending 
<REQUEST>
	<Ds_MerchantParameters>eyJEU19NRVJDSEFOVF9NRVJDSEFOVENPREUiOiI5OTkwMDg4ODEiLCJEU19NRVJDSEFOVF9URVJNSU5BTCI6IjIwIiwiRFNfTUVSQ0hBTlRfT1JERVIiOiJRR0dFTTc0T0kyNUgiLCJEU19NRVJDSEFOVF9UUkFOU0FDVElPTlRZUEUiOiIwIiwiRFNfTUVSQ0hBTlRfQ1VSUkVOQ1kiOiI5NzgiLCJEU19NRVJDSEFOVF9BTU9VTlQiOiIxMjMiLCJEU19NRVJDSEFOVF9FTVYzRFMiOnsidGhyZWVEU0luZm8iOiJBdXRoZW50aWNhdGlvbkRhdGEiLCJwcm90b2NvbFZlcnNpb24iOiIxLjAuMiIsImJyb3dzZXJBY2NlcHRIZWFkZXIiOiJ0ZXh0XC9odG1sLGFwcGxpY2F0aW9uXC94aHRtbCt4bWwsYXBwbGljYXRpb25cL3htbDtxPTAuOSwqXC8qO3E9MC44LGFwcGxpY2F0aW9uXC9qc29uIiwiYnJvd3NlclVzZXJBZ2VudCI6Ik1vemlsbGFcLzUuMCAoV2luZG93cyBOVCAxMC4wOyBXaW42NDsgeDY0KSBBcHBsZVdlYktpdFwvNTM3LjM2IChLSFRNTCwgbGlrZSBHZWNrbykgQ2hyb21lXC83MS4wLjM1NzguOTggU2FmYXJpXC81MzcuMzYifSwiRFNfTUVSQ0hBTlRfUEFOIjoiNDU0ODgxMDAwMDAwMDAwMyIsIkRTX01FUkNIQU5UX0VYUElSWURBVEUiOiI0OTEyIiwiRFNfTUVSQ0hBTlRfQ1ZWMiI6IjEyMyJ9</Ds_MerchantParameters>
	<DATOSENTRADA>
		<DS_MERCHANT_MERCHANTCODE>999008881</DS_MERCHANT_MERCHANTCODE>
		<DS_MERCHANT_TERMINAL>20</DS_MERCHANT_TERMINAL>
		<DS_MERCHANT_ORDER>QGGEM74OI25H</DS_MERCHANT_ORDER>
		<DS_MERCHANT_TRANSACTIONTYPE>0</DS_MERCHANT_TRANSACTIONTYPE>
		<DS_MERCHANT_CURRENCY>978</DS_MERCHANT_CURRENCY>
		<DS_MERCHANT_AMOUNT>123</DS_MERCHANT_AMOUNT>
		<DS_MERCHANT_EMV3DS>{"threeDSInfo":"AuthenticationData","protocolVersion":"1.0.2","browserAcceptHeader":"text\/html,application\/xhtml+xml,application\/xml;q=0.9,*\/*;q=0.8,application\/json","browserUserAgent":"Mozilla\/5.0 (Windows NT 10.0; Win64; x64) AppleWebKit\/537.36 (KHTML, like Gecko) Chrome\/71.0.3578.98 Safari\/537.36"}</DS_MERCHANT_EMV3DS>
		<DS_MERCHANT_PAN>4548810000000003</DS_MERCHANT_PAN>
		<DS_MERCHANT_EXPIRYDATE>4912</DS_MERCHANT_EXPIRYDATE>
		<DS_MERCHANT_CVV2>123</DS_MERCHANT_CVV2>
	</DATOSENTRADA>
	<DS_SIGNATUREVERSION>HMAC_SHA256_V1</DS_SIGNATUREVERSION>
	<DS_SIGNATURE>vqveImACH5te8ZvPfpsNKtFr3lA+JE6EWMLEw3uHWFs=</DS_SIGNATURE>
</REQUEST>
2025/05/01 13:13:55 [INFO ] a1mkmLUFtmHvomVGoruWQvbhBLAxOW - RESTOperationService->sendOperation: Performing request to 'https://sis-t.redsys.es:25443/sis/rest/trataPeticionREST'
2025/05/01 13:13:55 [DEBUG] a1mkmLUFtmHvomVGoruWQvbhBLAxOW - RESTOperationService->sendOperation: Sending JSON Ds_MerchantParameters=eyJEU19NRVJDSEFOVF9NRVJDSEFOVENPREUiOiI5OTkwMDg4ODEiLCJEU19NRVJDSEFOVF9URVJNSU5BTCI6IjIwIiwiRFNfTUVSQ0hBTlRfT1JERVIiOiJRR0dFTTc0T0kyNUgiLCJEU19NRVJDSEFOVF9UUkFOU0FDVElPTlRZUEUiOiIwIiwiRFNfTUVSQ0hBTlRfQ1VSUkVOQ1kiOiI5NzgiLCJEU19NRVJDSEFOVF9BTU9VTlQiOiIxMjMiLCJEU19NRVJDSEFOVF9FTVYzRFMiOnsidGhyZWVEU0luZm8iOiJBdXRoZW50aWNhdGlvbkRhdGEiLCJwcm90b2NvbFZlcnNpb24iOiIxLjAuMiIsImJyb3dzZXJBY2NlcHRIZWFkZXIiOiJ0ZXh0XC9odG1sLGFwcGxpY2F0aW9uXC94aHRtbCt4bWwsYXBwbGljYXRpb25cL3htbDtxPTAuOSwqXC8qO3E9MC44LGFwcGxpY2F0aW9uXC9qc29uIiwiYnJvd3NlclVzZXJBZ2VudCI6Ik1vemlsbGFcLzUuMCAoV2luZG93cyBOVCAxMC4wOyBXaW42NDsgeDY0KSBBcHBsZVdlYktpdFwvNTM3LjM2IChLSFRNTCwgbGlrZSBHZWNrbykgQ2hyb21lXC83MS4wLjM1NzguOTggU2FmYXJpXC81MzcuMzYifSwiRFNfTUVSQ0hBTlRfUEFOIjoiNDU0ODgxMDAwMDAwMDAwMyIsIkRTX01FUkNIQU5UX0VYUElSWURBVEUiOiI0OTEyIiwiRFNfTUVSQ0hBTlRfQ1ZWMiI6IjEyMyJ9&Ds_SignatureVersion=HMAC_SHA256_V1&Ds_Signature=vqveImACH5te8ZvPfpsNKtFr3lA%2BJE6EWMLEw3uHWFs%3D
2025/05/01 13:13:55 [ERROR] a1mkmLUFtmHvomVGoruWQvbhBLAxOW - RESTOperationService->createResponseMessage: Received JSON '{"errorCode":"SIS0754"}'
2025/05/01 13:25:09 [DEBUG] a1mkmLUFtmHvomVGoruWQvbhBLAxOW - RESTInitialRequestService->createRequestSOAPMessage: Sending 
<REQUEST>
	<Ds_MerchantParameters>eyJEU19NRVJDSEFOVF9NRVJDSEFOVENPREUiOiI5OTkwMDg4ODEiLCJEU19NRVJDSEFOVF9URVJNSU5BTCI6IjIwIiwiRFNfTUVSQ0hBTlRfT1JERVIiOiJGRTdOVUhKTVhKUUMiLCJEU19NRVJDSEFOVF9UUkFOU0FDVElPTlRZUEUiOiIwIiwiRFNfTUVSQ0hBTlRfQ1VSUkVOQ1kiOiI5NzgiLCJEU19NRVJDSEFOVF9BTU9VTlQiOiIxMjMiLCJEU19NRVJDSEFOVF9FTVYzRFMiOiJ7XCJ0aHJlZURTSW5mb1wiOlwiQ2FyZERhdGFcIn0iLCJEU19NRVJDSEFOVF9QQU4iOiI0NTQ4ODEwMDAwMDAwMDAzIiwiRFNfTUVSQ0hBTlRfRVhQSVJZREFURSI6IjQ5MTIiLCJEU19NRVJDSEFOVF9DVlYyIjoiMTIzIiwiRFNfU0lHTkFUVVJFVkVSU0lPTiI6IkhNQUNfU0hBMjU2X1YxIiwiRFNfTUVSQ0hBTlRfUFJPRFVDVERFU0NSSVBUSU9OIjoiUHJ1ZWJhIGRlIHBhZ28gSW5TaXRlIGNvbiAzRFNlY3VyZSJ9</Ds_MerchantParameters>
	<REQUEST>
		<DS_MERCHANT_MERCHANTCODE>999008881</DS_MERCHANT_MERCHANTCODE>
		<DS_MERCHANT_TERMINAL>20</DS_MERCHANT_TERMINAL>
		<DS_MERCHANT_ORDER>FE7NUHJMXJQC</DS_MERCHANT_ORDER>
		<DS_MERCHANT_TRANSACTIONTYPE>0</DS_MERCHANT_TRANSACTIONTYPE>
		<DS_MERCHANT_CURRENCY>978</DS_MERCHANT_CURRENCY>
		<DS_MERCHANT_AMOUNT>123</DS_MERCHANT_AMOUNT>
		<DS_MERCHANT_EMV3DS>{"threeDSInfo":"CardData"}</DS_MERCHANT_EMV3DS>
		<DS_MERCHANT_PAN>4548810000000003</DS_MERCHANT_PAN>
		<DS_MERCHANT_EXPIRYDATE>4912</DS_MERCHANT_EXPIRYDATE>
		<DS_MERCHANT_CVV2>123</DS_MERCHANT_CVV2>
		<DS_SIGNATUREVERSION>HMAC_SHA256_V1</DS_SIGNATUREVERSION>
		<DS_MERCHANT_PRODUCTDESCRIPTION>Prueba de pago InSite con 3DSecure</DS_MERCHANT_PRODUCTDESCRIPTION>
	</REQUEST>
	<DS_SIGNATUREVERSION>HMAC_SHA256_V1</DS_SIGNATUREVERSION>
	<DS_SIGNATURE>sc813K2VxNyuabDD5AzFF+0aZakfEWbrUYiYvekIVA8=</DS_SIGNATURE>
</REQUEST>
2025/05/01 13:25:09 [INFO ] a1mkmLUFtmHvomVGoruWQvbhBLAxOW - RESTInitialRequestService->sendOperation: Performing request to 'https://sis-t.redsys.es:25443/sis/rest/iniciaPeticionREST'
2025/05/01 13:25:09 [DEBUG] a1mkmLUFtmHvomVGoruWQvbhBLAxOW - RESTInitialRequestService->sendOperation: Sending JSON Ds_MerchantParameters=eyJEU19NRVJDSEFOVF9NRVJDSEFOVENPREUiOiI5OTkwMDg4ODEiLCJEU19NRVJDSEFOVF9URVJNSU5BTCI6IjIwIiwiRFNfTUVSQ0hBTlRfT1JERVIiOiJGRTdOVUhKTVhKUUMiLCJEU19NRVJDSEFOVF9UUkFOU0FDVElPTlRZUEUiOiIwIiwiRFNfTUVSQ0hBTlRfQ1VSUkVOQ1kiOiI5NzgiLCJEU19NRVJDSEFOVF9BTU9VTlQiOiIxMjMiLCJEU19NRVJDSEFOVF9FTVYzRFMiOiJ7XCJ0aHJlZURTSW5mb1wiOlwiQ2FyZERhdGFcIn0iLCJEU19NRVJDSEFOVF9QQU4iOiI0NTQ4ODEwMDAwMDAwMDAzIiwiRFNfTUVSQ0hBTlRfRVhQSVJZREFURSI6IjQ5MTIiLCJEU19NRVJDSEFOVF9DVlYyIjoiMTIzIiwiRFNfU0lHTkFUVVJFVkVSU0lPTiI6IkhNQUNfU0hBMjU2X1YxIiwiRFNfTUVSQ0hBTlRfUFJPRFVDVERFU0NSSVBUSU9OIjoiUHJ1ZWJhIGRlIHBhZ28gSW5TaXRlIGNvbiAzRFNlY3VyZSJ9&Ds_SignatureVersion=HMAC_SHA256_V1&Ds_Signature=sc813K2VxNyuabDD5AzFF%2B0aZakfEWbrUYiYvekIVA8%3D
2025/05/01 13:25:10 [DEBUG] a1mkmLUFtmHvomVGoruWQvbhBLAxOW - RESTInitialRequestService->checkSignature: Signature matches
2025/05/01 13:25:10 [INFO ] a1mkmLUFtmHvomVGoruWQvbhBLAxOW - RESTInitialRequestService->createResponseMessage: Operation needs authentication
2025/05/01 13:25:10 [DEBUG] a1mkmLUFtmHvomVGoruWQvbhBLAxOW - RESTInitialRequestService->createResponseMessage: Received 
<RETORNOXML>
	<RESULT>AUT</RESULT>
	<OPERACION>
		<Ds_Order>FE7NUHJMXJQC</Ds_Order>
		<Ds_Signature>ksrdAWn6-fpr-fNwfVwpXPVGImgULAf1qicIKxiKTt4=</Ds_Signature>
		<Ds_MerchantCode>999008881</Ds_MerchantCode>
		<Ds_Terminal>20</Ds_Terminal>
		<Ds_TransactionType>0</Ds_TransactionType>
		<Ds_Card_PSD2>Y</Ds_Card_PSD2>
		<Ds_EMV3DS>{"protocolVersion":"2.2.0","threeDSServerTransID":"8bf37a1a-b11d-4d80-ae1b-0e5665384377","threeDSInfo":"CardConfiguration"}</Ds_EMV3DS>
	</OPERACION>
</RETORNOXML>
2025/05/01 13:25:10 [DEBUG] a1mkmLUFtmHvomVGoruWQvbhBLAxOW - RESTOperationService->createRequestSOAPMessage: Sending 
<REQUEST>
	<Ds_MerchantParameters>eyJEU19NRVJDSEFOVF9NRVJDSEFOVENPREUiOiI5OTkwMDg4ODEiLCJEU19NRVJDSEFOVF9URVJNSU5BTCI6IjIwIiwiRFNfTUVSQ0hBTlRfT1JERVIiOiJGRTdOVUhKTVhKUUMiLCJEU19NRVJDSEFOVF9UUkFOU0FDVElPTlRZUEUiOiIwIiwiRFNfTUVSQ0hBTlRfQ1VSUkVOQ1kiOiI5NzgiLCJEU19NRVJDSEFOVF9BTU9VTlQiOiIxMjMiLCJEU19NRVJDSEFOVF9FTVYzRFMiOnsidGhyZWVEU0luZm8iOiJBdXRoZW50aWNhdGlvbkRhdGEiLCJwcm90b2NvbFZlcnNpb24iOiIxLjAuMiIsImJyb3dzZXJBY2NlcHRIZWFkZXIiOiJ0ZXh0XC9odG1sLGFwcGxpY2F0aW9uXC94aHRtbCt4bWwsYXBwbGljYXRpb25cL3htbDtxPTAuOSwqXC8qO3E9MC44LGFwcGxpY2F0aW9uXC9qc29uIiwiYnJvd3NlclVzZXJBZ2VudCI6Ik1vemlsbGFcLzUuMCAoV2luZG93cyBOVCAxMC4wOyBXaW42NDsgeDY0KSBBcHBsZVdlYktpdFwvNTM3LjM2IChLSFRNTCwgbGlrZSBHZWNrbykgQ2hyb21lXC83MS4wLjM1NzguOTggU2FmYXJpXC81MzcuMzYifSwiRFNfTUVSQ0hBTlRfUEFOIjoiNDU0ODgxMDAwMDAwMDAwMyIsIkRTX01FUkNIQU5UX0VYUElSWURBVEUiOiI0OTEyIiwiRFNfTUVSQ0hBTlRfQ1ZWMiI6IjEyMyJ9</Ds_MerchantParameters>
	<DATOSENTRADA>
		<DS_MERCHANT_MERCHANTCODE>999008881</DS_MERCHANT_MERCHANTCODE>
		<DS_MERCHANT_TERMINAL>20</DS_MERCHANT_TERMINAL>
		<DS_MERCHANT_ORDER>FE7NUHJMXJQC</DS_MERCHANT_ORDER>
		<DS_MERCHANT_TRANSACTIONTYPE>0</DS_MERCHANT_TRANSACTIONTYPE>
		<DS_MERCHANT_CURRENCY>978</DS_MERCHANT_CURRENCY>
		<DS_MERCHANT_AMOUNT>123</DS_MERCHANT_AMOUNT>
		<DS_MERCHANT_EMV3DS>{"threeDSInfo":"AuthenticationData","protocolVersion":"1.0.2","browserAcceptHeader":"text\/html,application\/xhtml+xml,application\/xml;q=0.9,*\/*;q=0.8,application\/json","browserUserAgent":"Mozilla\/5.0 (Windows NT 10.0; Win64; x64) AppleWebKit\/537.36 (KHTML, like Gecko) Chrome\/71.0.3578.98 Safari\/537.36"}</DS_MERCHANT_EMV3DS>
		<DS_MERCHANT_PAN>4548810000000003</DS_MERCHANT_PAN>
		<DS_MERCHANT_EXPIRYDATE>4912</DS_MERCHANT_EXPIRYDATE>
		<DS_MERCHANT_CVV2>123</DS_MERCHANT_CVV2>
	</DATOSENTRADA>
	<DS_SIGNATUREVERSION>HMAC_SHA256_V1</DS_SIGNATUREVERSION>
	<DS_SIGNATURE>pl0RHQnCjVPzIdbzhwiroXEz82Fbvdc6N3BcgbbLc8o=</DS_SIGNATURE>
</REQUEST>
2025/05/01 13:25:10 [INFO ] a1mkmLUFtmHvomVGoruWQvbhBLAxOW - RESTOperationService->sendOperation: Performing request to 'https://sis-t.redsys.es:25443/sis/rest/trataPeticionREST'
2025/05/01 13:25:10 [DEBUG] a1mkmLUFtmHvomVGoruWQvbhBLAxOW - RESTOperationService->sendOperation: Sending JSON Ds_MerchantParameters=eyJEU19NRVJDSEFOVF9NRVJDSEFOVENPREUiOiI5OTkwMDg4ODEiLCJEU19NRVJDSEFOVF9URVJNSU5BTCI6IjIwIiwiRFNfTUVSQ0hBTlRfT1JERVIiOiJGRTdOVUhKTVhKUUMiLCJEU19NRVJDSEFOVF9UUkFOU0FDVElPTlRZUEUiOiIwIiwiRFNfTUVSQ0hBTlRfQ1VSUkVOQ1kiOiI5NzgiLCJEU19NRVJDSEFOVF9BTU9VTlQiOiIxMjMiLCJEU19NRVJDSEFOVF9FTVYzRFMiOnsidGhyZWVEU0luZm8iOiJBdXRoZW50aWNhdGlvbkRhdGEiLCJwcm90b2NvbFZlcnNpb24iOiIxLjAuMiIsImJyb3dzZXJBY2NlcHRIZWFkZXIiOiJ0ZXh0XC9odG1sLGFwcGxpY2F0aW9uXC94aHRtbCt4bWwsYXBwbGljYXRpb25cL3htbDtxPTAuOSwqXC8qO3E9MC44LGFwcGxpY2F0aW9uXC9qc29uIiwiYnJvd3NlclVzZXJBZ2VudCI6Ik1vemlsbGFcLzUuMCAoV2luZG93cyBOVCAxMC4wOyBXaW42NDsgeDY0KSBBcHBsZVdlYktpdFwvNTM3LjM2IChLSFRNTCwgbGlrZSBHZWNrbykgQ2hyb21lXC83MS4wLjM1NzguOTggU2FmYXJpXC81MzcuMzYifSwiRFNfTUVSQ0hBTlRfUEFOIjoiNDU0ODgxMDAwMDAwMDAwMyIsIkRTX01FUkNIQU5UX0VYUElSWURBVEUiOiI0OTEyIiwiRFNfTUVSQ0hBTlRfQ1ZWMiI6IjEyMyJ9&Ds_SignatureVersion=HMAC_SHA256_V1&Ds_Signature=pl0RHQnCjVPzIdbzhwiroXEz82Fbvdc6N3BcgbbLc8o%3D
2025/05/01 13:25:10 [ERROR] a1mkmLUFtmHvomVGoruWQvbhBLAxOW - RESTOperationService->createResponseMessage: Received JSON '{"errorCode":"SIS0754"}'
2025/05/01 13:27:06 [DEBUG] a1mkmLUFtmHvomVGoruWQvbhBLAxOW - RESTInitialRequestService->createRequestSOAPMessage: Sending 
<REQUEST>
	<Ds_MerchantParameters>eyJEU19NRVJDSEFOVF9NRVJDSEFOVENPREUiOiI5OTkwMDg4ODEiLCJEU19NRVJDSEFOVF9URVJNSU5BTCI6IjIwIiwiRFNfTUVSQ0hBTlRfT1JERVIiOiJOTE8wNVVMQUJESE0iLCJEU19NRVJDSEFOVF9UUkFOU0FDVElPTlRZUEUiOiIwIiwiRFNfTUVSQ0hBTlRfQ1VSUkVOQ1kiOiI5NzgiLCJEU19NRVJDSEFOVF9BTU9VTlQiOiIxMjMiLCJEU19NRVJDSEFOVF9FTVYzRFMiOiJ7XCJ0aHJlZURTSW5mb1wiOlwiQ2FyZERhdGFcIn0iLCJEU19NRVJDSEFOVF9QQU4iOiI0NTQ4ODEwMDAwMDAwMDAzIiwiRFNfTUVSQ0hBTlRfRVhQSVJZREFURSI6IjQ5MTIiLCJEU19NRVJDSEFOVF9DVlYyIjoiMTIzIiwiRFNfU0lHTkFUVVJFVkVSU0lPTiI6IkhNQUNfU0hBMjU2X1YxIiwiRFNfTUVSQ0hBTlRfUFJPRFVDVERFU0NSSVBUSU9OIjoiUHJ1ZWJhIGRlIHBhZ28gSW5TaXRlIGNvbiAzRFNlY3VyZSJ9</Ds_MerchantParameters>
	<REQUEST>
		<DS_MERCHANT_MERCHANTCODE>999008881</DS_MERCHANT_MERCHANTCODE>
		<DS_MERCHANT_TERMINAL>20</DS_MERCHANT_TERMINAL>
		<DS_MERCHANT_ORDER>NLO05ULABDHM</DS_MERCHANT_ORDER>
		<DS_MERCHANT_TRANSACTIONTYPE>0</DS_MERCHANT_TRANSACTIONTYPE>
		<DS_MERCHANT_CURRENCY>978</DS_MERCHANT_CURRENCY>
		<DS_MERCHANT_AMOUNT>123</DS_MERCHANT_AMOUNT>
		<DS_MERCHANT_EMV3DS>{"threeDSInfo":"CardData"}</DS_MERCHANT_EMV3DS>
		<DS_MERCHANT_PAN>4548810000000003</DS_MERCHANT_PAN>
		<DS_MERCHANT_EXPIRYDATE>4912</DS_MERCHANT_EXPIRYDATE>
		<DS_MERCHANT_CVV2>123</DS_MERCHANT_CVV2>
		<DS_SIGNATUREVERSION>HMAC_SHA256_V1</DS_SIGNATUREVERSION>
		<DS_MERCHANT_PRODUCTDESCRIPTION>Prueba de pago InSite con 3DSecure</DS_MERCHANT_PRODUCTDESCRIPTION>
	</REQUEST>
	<DS_SIGNATUREVERSION>HMAC_SHA256_V1</DS_SIGNATUREVERSION>
	<DS_SIGNATURE>bXTJ0xlLB9cnRppp3mtONKVbMuGp4nwie159IZiVvGI=</DS_SIGNATURE>
</REQUEST>
2025/05/01 13:27:06 [INFO ] a1mkmLUFtmHvomVGoruWQvbhBLAxOW - RESTInitialRequestService->sendOperation: Performing request to 'https://sis-t.redsys.es:25443/sis/rest/iniciaPeticionREST'
2025/05/01 13:27:06 [DEBUG] a1mkmLUFtmHvomVGoruWQvbhBLAxOW - RESTInitialRequestService->sendOperation: Sending JSON Ds_MerchantParameters=eyJEU19NRVJDSEFOVF9NRVJDSEFOVENPREUiOiI5OTkwMDg4ODEiLCJEU19NRVJDSEFOVF9URVJNSU5BTCI6IjIwIiwiRFNfTUVSQ0hBTlRfT1JERVIiOiJOTE8wNVVMQUJESE0iLCJEU19NRVJDSEFOVF9UUkFOU0FDVElPTlRZUEUiOiIwIiwiRFNfTUVSQ0hBTlRfQ1VSUkVOQ1kiOiI5NzgiLCJEU19NRVJDSEFOVF9BTU9VTlQiOiIxMjMiLCJEU19NRVJDSEFOVF9FTVYzRFMiOiJ7XCJ0aHJlZURTSW5mb1wiOlwiQ2FyZERhdGFcIn0iLCJEU19NRVJDSEFOVF9QQU4iOiI0NTQ4ODEwMDAwMDAwMDAzIiwiRFNfTUVSQ0hBTlRfRVhQSVJZREFURSI6IjQ5MTIiLCJEU19NRVJDSEFOVF9DVlYyIjoiMTIzIiwiRFNfU0lHTkFUVVJFVkVSU0lPTiI6IkhNQUNfU0hBMjU2X1YxIiwiRFNfTUVSQ0hBTlRfUFJPRFVDVERFU0NSSVBUSU9OIjoiUHJ1ZWJhIGRlIHBhZ28gSW5TaXRlIGNvbiAzRFNlY3VyZSJ9&Ds_SignatureVersion=HMAC_SHA256_V1&Ds_Signature=bXTJ0xlLB9cnRppp3mtONKVbMuGp4nwie159IZiVvGI%3D
2025/05/01 13:27:07 [DEBUG] a1mkmLUFtmHvomVGoruWQvbhBLAxOW - RESTInitialRequestService->checkSignature: Signature matches
2025/05/01 13:27:07 [INFO ] a1mkmLUFtmHvomVGoruWQvbhBLAxOW - RESTInitialRequestService->createResponseMessage: Operation needs authentication
2025/05/01 13:27:07 [DEBUG] a1mkmLUFtmHvomVGoruWQvbhBLAxOW - RESTInitialRequestService->createResponseMessage: Received 
<RETORNOXML>
	<RESULT>AUT</RESULT>
	<OPERACION>
		<Ds_Order>NLO05ULABDHM</Ds_Order>
		<Ds_Signature>ZNU3vVIcWGiCsF6yj4LebCcQ0SrsgZ49PRtR96HIkVw=</Ds_Signature>
		<Ds_MerchantCode>999008881</Ds_MerchantCode>
		<Ds_Terminal>20</Ds_Terminal>
		<Ds_TransactionType>0</Ds_TransactionType>
		<Ds_Card_PSD2>Y</Ds_Card_PSD2>
		<Ds_EMV3DS>{"protocolVersion":"2.2.0","threeDSServerTransID":"c663cbee-2397-4aeb-a313-ceb5f448e951","threeDSInfo":"CardConfiguration"}</Ds_EMV3DS>
	</OPERACION>
</RETORNOXML>
